Using device: cuda
Selected GPU: 0
Number of classes: 1000
Train samples: 12811
Train batches: 101
Total trainable parameters: 5464040
Epoch 0, Loss: 6.8833, Accuracy: 0.0033, Time: 17.70s
Epoch 1, Loss: 6.7366, Accuracy: 0.0073, Time: 16.52s
Epoch 2, Loss: 6.5809, Accuracy: 0.0089, Time: 16.62s
Epoch 3, Loss: 6.4308, Accuracy: 0.0101, Time: 16.48s
W0331 19:59:40.816000 3710476 torch/onnx/_internal/exporter/_schemas.py:455] Missing annotation for parameter 'input' from (input, boxes, output_size: 'Sequence[int]', spatial_scale: 'float' = 1.0, sampling_ratio: 'int' = -1, aligned: 'bool' = False). Treating as an Input.
W0331 19:59:40.816000 3710476 torch/onnx/_internal/exporter/_schemas.py:455] Missing annotation for parameter 'boxes' from (input, boxes, output_size: 'Sequence[int]', spatial_scale: 'float' = 1.0, sampling_ratio: 'int' = -1, aligned: 'bool' = False). Treating as an Input.
W0331 19:59:40.818000 3710476 torch/onnx/_internal/exporter/_schemas.py:455] Missing annotation for parameter 'input' from (input, boxes, output_size: 'Sequence[int]', spatial_scale: 'float' = 1.0). Treating as an Input.
W0331 19:59:40.821000 3710476 torch/onnx/_internal/exporter/_schemas.py:455] Missing annotation for parameter 'boxes' from (input, boxes, output_size: 'Sequence[int]', spatial_scale: 'float' = 1.0). Treating as an Input.
/home/pzs0001/.local/share/uv/python/cpython-3.12.12-linux-x86_64-gnu/lib/python3.12/copyreg.py:99: FutureWarning: `isinstance(treespec, LeafSpec)` is deprecated, use `isinstance(treespec, TreeSpec) and treespec.is_leaf()` instead.
  return cls.__new__(cls, *args)
Epoch 4, Loss: 6.2964, Accuracy: 0.0114, Time: 16.68s
[torch.onnx] Obtain model graph for `ImageCNN([...]` with `torch.export.export(..., strict=False)`...
[torch.onnx] Obtain model graph for `ImageCNN([...]` with `torch.export.export(..., strict=False)`... ✅
[torch.onnx] Run decomposition...
[torch.onnx] Run decomposition... ✅
[torch.onnx] Translate the graph into ONNX...
[torch.onnx] Translate the graph into ONNX... ✅
Applied 5 of general pattern rewrite rules.
Traceback (most recent call last):
  File "/home/pzs0001/hw03wildcatshawkeyes/scripts/imagenet_impl.py", line 176, in <module>
    trainer.evaluation()
  File "/home/pzs0001/hw03wildcatshawkeyes/src/hw03wildcatshawkeyes/deepl/multiclass.py", line 113, in evaluation
    features = features.to(self.device)
               ^^^^^^^^^^^
AttributeError: 'str' object has no attribute 'to'
